<?xml version="1.0" encoding="UTF-8"?>
<!-- Generated by org.testng.reporters.JUnitReportReporter -->
<testsuite skipped="0" hostname="DESKTOP-NVCQ35S" name="com.Test.HappyFlow.TestCreateAnAccount" tests="1" failures="0" timestamp="08 May 2020 07:30:36 GMT" time="29.181" errors="0">
  <testcase name="testCreatAnNewAccount" time="29.181" classname="com.Test.HappyFlow.TestCreateAnAccount"/>
</testsuite> <!-- com.Test.HappyFlow.TestCreateAnAccount -->
