<?xml version="1.0" encoding="UTF-8"?>
<!-- Generated by org.testng.reporters.JUnitReportReporter -->
<testsuite skipped="0" hostname="DESKTOP-NVCQ35S" name="com.Test.HappyFlow.TestLoginPage" tests="1" failures="0" timestamp="08 May 2020 07:41:28 GMT" time="14.618" errors="0">
  <testcase name="TestUserLogin" time="14.618" classname="com.Test.HappyFlow.TestLoginPage"/>
</testsuite> <!-- com.Test.HappyFlow.TestLoginPage -->
